0 info it worked if it ends with ok
1 verbose cli [ 'c:\\Program Files\\nodejs\\node.exe',
1 verbose cli   'c:\\Program Files\\nodejs\\node_modules\\npm\\bin\\npm-cli.js' ]
2 info using npm@1.1.40
3 info using node@v0.8.2
4 verbose config file C:\Users\vince.liu\.npmrc
5 verbose config file c:\Program Files\nodejs\etc\npmrc
6 verbose config file c:\Program Files\nodejs\node_modules\npm\npmrc
7 error Error: ENOENT, readdir 'c:\Program Files\nodejs\node_modules\npm\man\man1'
8 error If you need help, you may report this log at:
8 error     <http://github.com/isaacs/npm/issues>
8 error or email it to:
8 error     <npm-@googlegroups.com>
9 error System Windows_NT 6.1.7600
10 error command "c:\\Program Files\\nodejs\\node.exe" "c:\\Program Files\\nodejs\\node_modules\\npm\\bin\\npm-cli.js"
11 error cwd c:\Users\vince.liu\parthencoissus\web
12 error node -v v0.8.2
13 error npm -v 1.1.40
14 error path c:\Program Files\nodejs\node_modules\npm\man\man1
15 error code ENOENT
16 error errno 34
17 verbose exit [ 34, true ]
